<?xml version="1.0" encoding="UTF-8"?>
<testsuite xmlns:xsi="http://www.w3.org/2001/XMLSchema-instance" xsi:noNamespaceSchemaLocation="https://maven.apache.org/surefire/maven-surefire-plugin/xsd/surefire-test-report.xsd" name="com.troy.qiuli.producer.redis.service.RedisServiceTest" time="10.141" tests="3" errors="0" skipped="0" failures="0">
  <properties>
[...]
</properties>
  <testcase name="saveTest" classname="com.troy.qiuli.producer.redis.service.RedisServiceTest" time="1.348"/>
  <testcase name="getValueTest" classname="com.troy.qiuli.producer.redis.service.RedisServiceTest" time="0.057"/>
  <testcase name="deleteTest" classname="com.troy.qiuli.producer.redis.service.RedisServiceTest" time="0.431"/>
</testsuite>